<?xml version="1.0" encoding="UTF-8"?>
<testng-results ignored="0" total="4" passed="3" failed="1" skipped="0">
  <reporter-output>
  </reporter-output>
  <suite started-at="2023-09-18T14:32:53 ICT" name="Surefire suite" finished-at="2023-09-18T14:33:25 ICT" duration-ms="31663">
    <groups>
      <group name="cucumber">
        <method signature="AbstractTestNGCucumberTests.runScenario(io.cucumber.testng.PickleWrapper,io.cucumber.testng.FeatureWrapper)[pri:0, instance:anhtester.com.Runner.TestRunnerAddCatagory@18df8434]" name="runScenario" class="io.cucumber.testng.AbstractTestNGCucumberTests"/>
        <method signature="AbstractTestNGCucumberTests.runScenario(io.cucumber.testng.PickleWrapper,io.cucumber.testng.FeatureWrapper)[pri:0, instance:anhtester.com.Runner.TestRunnerLoginHaveHandle@f09733f]" name="runScenario" class="io.cucumber.testng.AbstractTestNGCucumberTests"/>
        <method signature="AbstractTestNGCucumberTests.runScenario(io.cucumber.testng.PickleWrapper,io.cucumber.testng.FeatureWrapper)[pri:0, instance:anhtester.com.Runner.TestRunnerLoginOnlyGherkin@e350b40]" name="runScenario" class="io.cucumber.testng.AbstractTestNGCucumberTests"/>
        <method signature="AbstractTestNGCucumberTests.runScenario(io.cucumber.testng.PickleWrapper,io.cucumber.testng.FeatureWrapper)[pri:0, instance:anhtester.com.Runner.TestRunnerLoginWithDataTable@41a0aa7d]" name="runScenario" class="io.cucumber.testng.AbstractTestNGCucumberTests"/>
      </group> <!-- cucumber -->
    </groups>
    <test started-at="2023-09-18T14:32:53 ICT" name="Surefire test" finished-at="2023-09-18T14:33:25 ICT" duration-ms="31663">
      <class name="anhtester.com.Runner.TestRunnerLoginHaveHandle">
        <test-method is-config="true" signature="setUpClass(org.testng.ITestContext)[pri:0, instance:anhtester.com.Runner.TestRunnerLoginHaveHandle@f09733f]" started-at="2023-09-18T14:33:05 ICT" name="setUpClass" finished-at="2023-09-18T14:33:05 ICT" duration-ms="0" status="PASS">
          <params>
            <param index="0">
              <value>
                <![CDATA[org.testng.TestRunner@60861e5d]]>
              </value>
            </param>
          </params>
          <reporter-output>
          </reporter-output>
        </test-method> <!-- setUpClass -->
        <test-method signature="runScenario(io.cucumber.testng.PickleWrapper,io.cucumber.testng.FeatureWrapper)[pri:0, instance:anhtester.com.Runner.TestRunnerLoginHaveHandle@f09733f]" started-at="2023-09-18T14:33:05 ICT" name="runScenario" description="Runs Cucumber Scenarios" data-provider="scenarios" finished-at="2023-09-18T14:33:11 ICT" duration-ms="6175" status="PASS">
          <params>
            <param index="0">
              <value>
                <![CDATA["Successful login"]]>
              </value>
            </param>
            <param index="1">
              <value>
                <![CDATA["Login to system (have handle)"]]>
              </value>
            </param>
          </params>
          <reporter-output>
          </reporter-output>
        </test-method> <!-- runScenario -->
        <test-method is-config="true" signature="tearDownClass()[pri:0, instance:anhtester.com.Runner.TestRunnerLoginHaveHandle@f09733f]" started-at="2023-09-18T14:33:11 ICT" name="tearDownClass" finished-at="2023-09-18T14:33:11 ICT" duration-ms="18" status="PASS">
          <reporter-output>
          </reporter-output>
        </test-method> <!-- tearDownClass -->
      </class> <!-- anhtester.com.Runner.TestRunnerLoginHaveHandle -->
      <class name="anhtester.com.Runner.TestRunnerAddCatagory">
        <test-method is-config="true" signature="setUpClass(org.testng.ITestContext)[pri:0, instance:anhtester.com.Runner.TestRunnerAddCatagory@18df8434]" started-at="2023-09-18T14:32:53 ICT" name="setUpClass" finished-at="2023-09-18T14:32:54 ICT" duration-ms="372" status="PASS">
          <params>
            <param index="0">
              <value>
                <![CDATA[org.testng.TestRunner@60861e5d]]>
              </value>
            </param>
          </params>
          <reporter-output>
          </reporter-output>
        </test-method> <!-- setUpClass -->
        <test-method signature="runScenario(io.cucumber.testng.PickleWrapper,io.cucumber.testng.FeatureWrapper)[pri:0, instance:anhtester.com.Runner.TestRunnerAddCatagory@18df8434]" started-at="2023-09-18T14:32:54 ICT" name="runScenario" description="Runs Cucumber Scenarios" data-provider="scenarios" finished-at="2023-09-18T14:33:05 ICT" duration-ms="11453" status="FAIL">
          <params>
            <param index="0">
              <value>
                <![CDATA["Successful add a new category"]]>
              </value>
            </param>
            <param index="1">
              <value>
                <![CDATA["Add Category"]]>
              </value>
            </param>
          </params>
          <exception class="org.openqa.selenium.NoSuchElementException">
            <message>
              <![CDATA[no such element: Unable to locate element: {"method":"xpath","selector":" //h4[@id='words_Error']"}
  (Session info: MicrosoftEdge=117.0.2045.31)
For documentation on this error, please visit: https://www.selenium.dev/documentation/webdriver/troubleshooting/errors#no-such-element-exception
Build info: version: '4.12.1', revision: '8e34639b11'
System info: os.name: 'Windows 11', os.arch: 'amd64', os.version: '10.0', java.version: '20.0.2'
Driver info: org.openqa.selenium.edge.EdgeDriver
Command: [539f2ca62feb6b6e9ea6042e675c297b, findElement {using=xpath, value= //h4[@id='words_Error']}]
Capabilities {acceptInsecureCerts: false, browserName: msedge, browserVersion: 117.0.2045.31, fedcm:accounts: true, ms:edgeOptions: {debuggerAddress: localhost:58343}, msedge: {msedgedriverVersion: 117.0.2045.31 (fdd954ad1e8c..., userDataDir: C:\Users\admin\AppData\Loca...}, networkConnectionEnabled: false, pageLoadStrategy: normal, platformName: windows, proxy: Proxy(), se:cdp: ws://localhost:58343/devtoo..., se:cdpVersion: 117.0.2045.31, setWindowRect: true, strictFileInteractability: false, timeouts: {implicit: 0, pageLoad: 300000, script: 30000}, unhandledPromptBehavior: dismiss and notify, webauthn:extension:credBlob: true, webauthn:extension:largeBlob: true, webauthn:extension:minPinLength: true, webauthn:extension:prf: true, webauthn:virtualAuthenticators: true}
Session ID: 539f2ca62feb6b6e9ea6042e675c297b]]>
            </message>
            <full-stacktrace>
              <![CDATA[org.openqa.selenium.NoSuchElementException: no such element: Unable to locate element: {"method":"xpath","selector":" //h4[@id='words_Error']"}
  (Session info: MicrosoftEdge=117.0.2045.31)
For documentation on this error, please visit: https://www.selenium.dev/documentation/webdriver/troubleshooting/errors#no-such-element-exception
Build info: version: '4.12.1', revision: '8e34639b11'
System info: os.name: 'Windows 11', os.arch: 'amd64', os.version: '10.0', java.version: '20.0.2'
Driver info: org.openqa.selenium.edge.EdgeDriver
Command: [539f2ca62feb6b6e9ea6042e675c297b, findElement {using=xpath, value= //h4[@id='words_Error']}]
Capabilities {acceptInsecureCerts: false, browserName: msedge, browserVersion: 117.0.2045.31, fedcm:accounts: true, ms:edgeOptions: {debuggerAddress: localhost:58343}, msedge: {msedgedriverVersion: 117.0.2045.31 (fdd954ad1e8c..., userDataDir: C:\Users\admin\AppData\Loca...}, networkConnectionEnabled: false, pageLoadStrategy: normal, platformName: windows, proxy: Proxy(), se:cdp: ws://localhost:58343/devtoo..., se:cdpVersion: 117.0.2045.31, setWindowRect: true, strictFileInteractability: false, timeouts: {implicit: 0, pageLoad: 300000, script: 30000}, unhandledPromptBehavior: dismiss and notify, webauthn:extension:credBlob: true, webauthn:extension:largeBlob: true, webauthn:extension:minPinLength: true, webauthn:extension:prf: true, webauthn:virtualAuthenticators: true}
Session ID: 539f2ca62feb6b6e9ea6042e675c297b
at java.base/jdk.internal.reflect.DirectConstructorHandleAccessor.newInstance(DirectConstructorHandleAccessor.java:67)
at java.base/java.lang.reflect.Constructor.newInstanceWithCaller(Constructor.java:500)
at java.base/java.lang.reflect.Constructor.newInstance(Constructor.java:484)
at org.openqa.selenium.remote.codec.w3c.W3CHttpResponseCodec.createException(W3CHttpResponseCodec.java:200)
at org.openqa.selenium.remote.codec.w3c.W3CHttpResponseCodec.decode(W3CHttpResponseCodec.java:133)
at org.openqa.selenium.remote.codec.w3c.W3CHttpResponseCodec.decode(W3CHttpResponseCodec.java:52)
at org.openqa.selenium.remote.HttpCommandExecutor.execute(HttpCommandExecutor.java:191)
at org.openqa.selenium.remote.service.DriverCommandExecutor.invokeExecute(DriverCommandExecutor.java:196)
at org.openqa.selenium.remote.service.DriverCommandExecutor.execute(DriverCommandExecutor.java:171)
at org.openqa.selenium.remote.RemoteWebDriver.execute(RemoteWebDriver.java:602)
at org.openqa.selenium.remote.ElementLocation$ElementFinder$2.findElement(ElementLocation.java:165)
at org.openqa.selenium.remote.ElementLocation.findElement(ElementLocation.java:59)
at org.openqa.selenium.remote.RemoteWebDriver.findElement(RemoteWebDriver.java:359)
at org.openqa.selenium.remote.RemoteWebDriver.findElement(RemoteWebDriver.java:353)
at anhtester.com.Stepdefinitions.AddCatagory_Step.UserenteraseriesofproductinformationusingExcelfiles(AddCatagory_Step.java:79)
at ✽.User enter a series of product information using Excel files(file:///D:/SeleniumMaven42022Parallel-main/src/test/resources/features/Product/AddCatagory.feature:8)
]]>
            </full-stacktrace>
          </exception> <!-- org.openqa.selenium.NoSuchElementException -->
          <reporter-output>
          </reporter-output>
        </test-method> <!-- runScenario -->
        <test-method is-config="true" signature="tearDownClass()[pri:0, instance:anhtester.com.Runner.TestRunnerAddCatagory@18df8434]" started-at="2023-09-18T14:33:05 ICT" name="tearDownClass" finished-at="2023-09-18T14:33:05 ICT" duration-ms="49" status="PASS">
          <reporter-output>
          </reporter-output>
        </test-method> <!-- tearDownClass -->
      </class> <!-- anhtester.com.Runner.TestRunnerAddCatagory -->
      <class name="anhtester.com.Runner.TestRunnerLoginWithDataTable">
        <test-method is-config="true" signature="setUpClass(org.testng.ITestContext)[pri:0, instance:anhtester.com.Runner.TestRunnerLoginWithDataTable@41a0aa7d]" started-at="2023-09-18T14:33:12 ICT" name="setUpClass" finished-at="2023-09-18T14:33:12 ICT" duration-ms="14" status="PASS">
          <params>
            <param index="0">
              <value>
                <![CDATA[org.testng.TestRunner@60861e5d]]>
              </value>
            </param>
          </params>
          <reporter-output>
          </reporter-output>
        </test-method> <!-- setUpClass -->
        <test-method signature="runScenario(io.cucumber.testng.PickleWrapper,io.cucumber.testng.FeatureWrapper)[pri:0, instance:anhtester.com.Runner.TestRunnerLoginWithDataTable@41a0aa7d]" started-at="2023-09-18T14:33:12 ICT" name="runScenario" description="Runs Cucumber Scenarios" data-provider="scenarios" finished-at="2023-09-18T14:33:25 ICT" duration-ms="13451" status="PASS">
          <params>
            <param index="0">
              <value>
                <![CDATA["Invalid Login"]]>
              </value>
            </param>
            <param index="1">
              <value>
                <![CDATA["Login with datatable"]]>
              </value>
            </param>
          </params>
          <reporter-output>
          </reporter-output>
        </test-method> <!-- runScenario -->
        <test-method is-config="true" signature="tearDownClass()[pri:0, instance:anhtester.com.Runner.TestRunnerLoginWithDataTable@41a0aa7d]" started-at="2023-09-18T14:33:25 ICT" name="tearDownClass" finished-at="2023-09-18T14:33:25 ICT" duration-ms="14" status="PASS">
          <reporter-output>
          </reporter-output>
        </test-method> <!-- tearDownClass -->
      </class> <!-- anhtester.com.Runner.TestRunnerLoginWithDataTable -->
      <class name="anhtester.com.Runner.TestRunnerLoginOnlyGherkin">
        <test-method is-config="true" signature="setUpClass(org.testng.ITestContext)[pri:0, instance:anhtester.com.Runner.TestRunnerLoginOnlyGherkin@e350b40]" started-at="2023-09-18T14:33:11 ICT" name="setUpClass" finished-at="2023-09-18T14:33:11 ICT" duration-ms="3" status="PASS">
          <params>
            <param index="0">
              <value>
                <![CDATA[org.testng.TestRunner@60861e5d]]>
              </value>
            </param>
          </params>
          <reporter-output>
          </reporter-output>
        </test-method> <!-- setUpClass -->
        <test-method signature="runScenario(io.cucumber.testng.PickleWrapper,io.cucumber.testng.FeatureWrapper)[pri:0, instance:anhtester.com.Runner.TestRunnerLoginOnlyGherkin@e350b40]" started-at="2023-09-18T14:33:11 ICT" name="runScenario" description="Runs Cucumber Scenarios" data-provider="scenarios" finished-at="2023-09-18T14:33:11 ICT" duration-ms="10" status="PASS">
          <params>
            <param index="0">
              <value>
                <![CDATA["Successful login1"]]>
              </value>
            </param>
            <param index="1">
              <value>
                <![CDATA["Login to system (Only Gherkin)"]]>
              </value>
            </param>
          </params>
          <reporter-output>
          </reporter-output>
        </test-method> <!-- runScenario -->
        <test-method is-config="true" signature="tearDownClass()[pri:0, instance:anhtester.com.Runner.TestRunnerLoginOnlyGherkin@e350b40]" started-at="2023-09-18T14:33:11 ICT" name="tearDownClass" finished-at="2023-09-18T14:33:12 ICT" duration-ms="16" status="PASS">
          <reporter-output>
          </reporter-output>
        </test-method> <!-- tearDownClass -->
      </class> <!-- anhtester.com.Runner.TestRunnerLoginOnlyGherkin -->
    </test> <!-- Surefire test -->
  </suite> <!-- Surefire suite -->
</testng-results>
