<?xml version="1.0" encoding="UTF-8"?>
<testsuite xmlns:xsi="http://www.w3.org/2001/XMLSchema-instance" xsi:noNamespaceSchemaLocation="https://maven.apache.org/surefire/maven-surefire-plugin/xsd/surefire-test-report-3.0.xsd" version="3.0" name="TestSuite" time="32.114" tests="4" errors="0" skipped="0" failures="1">
  <properties>
[...]
</properties>
  <testcase name="runScenario[&quot;Successful add a new category&quot;, &quot;Add Category&quot;](1)" classname="anhtester.com.Runner.TestRunnerAddCatagory" time="11.472">
    <failure message="no such element: Unable to locate element: {&quot;method&quot;:&quot;xpath&quot;,&quot;selector&quot;:&quot; //h4[@id=&apos;words_Error&apos;]&quot;}&#10;  (Session info: MicrosoftEdge=117.0.2045.31)&#10;For documentation on this error, please visit: https://www.selenium.dev/documentation/webdriver/troubleshooting/errors#no-such-element-exception&#10;Build info: version: &apos;4.12.1&apos;, revision: &apos;8e34639b11&apos;&#10;System info: os.name: &apos;Windows 11&apos;, os.arch: &apos;amd64&apos;, os.version: &apos;10.0&apos;, java.version: &apos;20.0.2&apos;&#10;Driver info: org.openqa.selenium.edge.EdgeDriver&#10;Command: [539f2ca62feb6b6e9ea6042e675c297b, findElement {using=xpath, value= //h4[@id=&apos;words_Error&apos;]}]&#10;Capabilities {acceptInsecureCerts: false, browserName: msedge, browserVersion: 117.0.2045.31, fedcm:accounts: true, ms:edgeOptions: {debuggerAddress: localhost:58343}, msedge: {msedgedriverVersion: 117.0.2045.31 (fdd954ad1e8c..., userDataDir: C:\Users\admin\AppData\Loca...}, networkConnectionEnabled: false, pageLoadStrategy: normal, platformName: windows, proxy: Proxy(), se:cdp: ws://localhost:58343/devtoo..., se:cdpVersion: 117.0.2045.31, setWindowRect: true, strictFileInteractability: false, timeouts: {implicit: 0, pageLoad: 300000, script: 30000}, unhandledPromptBehavior: dismiss and notify, webauthn:extension:credBlob: true, webauthn:extension:largeBlob: true, webauthn:extension:minPinLength: true, webauthn:extension:prf: true, webauthn:virtualAuthenticators: true}&#10;Session ID: 539f2ca62feb6b6e9ea6042e675c297b" type="org.openqa.selenium.NoSuchElementException"><![CDATA[org.openqa.selenium.NoSuchElementException: 
no such element: Unable to locate element: {"method":"xpath","selector":" //h4[@id='words_Error']"}
  (Session info: MicrosoftEdge=117.0.2045.31)
For documentation on this error, please visit: https://www.selenium.dev/documentation/webdriver/troubleshooting/errors#no-such-element-exception
Build info: version: '4.12.1', revision: '8e34639b11'
System info: os.name: 'Windows 11', os.arch: 'amd64', os.version: '10.0', java.version: '20.0.2'
Driver info: org.openqa.selenium.edge.EdgeDriver
Command: [539f2ca62feb6b6e9ea6042e675c297b, findElement {using=xpath, value= //h4[@id='words_Error']}]
Capabilities {acceptInsecureCerts: false, browserName: msedge, browserVersion: 117.0.2045.31, fedcm:accounts: true, ms:edgeOptions: {debuggerAddress: localhost:58343}, msedge: {msedgedriverVersion: 117.0.2045.31 (fdd954ad1e8c..., userDataDir: C:\Users\admin\AppData\Loca...}, networkConnectionEnabled: false, pageLoadStrategy: normal, platformName: windows, proxy: Proxy(), se:cdp: ws://localhost:58343/devtoo..., se:cdpVersion: 117.0.2045.31, setWindowRect: true, strictFileInteractability: false, timeouts: {implicit: 0, pageLoad: 300000, script: 30000}, unhandledPromptBehavior: dismiss and notify, webauthn:extension:credBlob: true, webauthn:extension:largeBlob: true, webauthn:extension:minPinLength: true, webauthn:extension:prf: true, webauthn:virtualAuthenticators: true}
Session ID: 539f2ca62feb6b6e9ea6042e675c297b
	at java.base/jdk.internal.reflect.DirectConstructorHandleAccessor.newInstance(DirectConstructorHandleAccessor.java:67)
	at java.base/java.lang.reflect.Constructor.newInstanceWithCaller(Constructor.java:500)
	at java.base/java.lang.reflect.Constructor.newInstance(Constructor.java:484)
	at org.openqa.selenium.remote.codec.w3c.W3CHttpResponseCodec.createException(W3CHttpResponseCodec.java:200)
	at org.openqa.selenium.remote.codec.w3c.W3CHttpResponseCodec.decode(W3CHttpResponseCodec.java:133)
	at org.openqa.selenium.remote.codec.w3c.W3CHttpResponseCodec.decode(W3CHttpResponseCodec.java:52)
	at org.openqa.selenium.remote.HttpCommandExecutor.execute(HttpCommandExecutor.java:191)
	at org.openqa.selenium.remote.service.DriverCommandExecutor.invokeExecute(DriverCommandExecutor.java:196)
	at org.openqa.selenium.remote.service.DriverCommandExecutor.execute(DriverCommandExecutor.java:171)
	at org.openqa.selenium.remote.RemoteWebDriver.execute(RemoteWebDriver.java:602)
	at org.openqa.selenium.remote.ElementLocation$ElementFinder$2.findElement(ElementLocation.java:165)
	at org.openqa.selenium.remote.ElementLocation.findElement(ElementLocation.java:59)
	at org.openqa.selenium.remote.RemoteWebDriver.findElement(RemoteWebDriver.java:359)
	at org.openqa.selenium.remote.RemoteWebDriver.findElement(RemoteWebDriver.java:353)
	at anhtester.com.Stepdefinitions.AddCatagory_Step.UserenteraseriesofproductinformationusingExcelfiles(AddCatagory_Step.java:79)
	at ✽.User enter a series of product information using Excel files(file:///D:/SeleniumMaven42022Parallel-main/src/test/resources/features/Product/AddCatagory.feature:8)
]]></failure>
    <system-out><![CDATA[
Scenario: Successful add a new category                             &amp#27;[90m# src/test/resources/features/Product/AddCatagory.feature:6&amp#27;[0m
Launching Edge browser...
[INFO] 18-09-2023 14:32:54 [LogUtils] - Loaded all properties files.
[INFO] 18-09-2023 14:32:54 [LogUtils] - {BROWSER=edge, SCREENSHOT_FAIL=yes, RECORD_VIDEO=yes, AUTHOR=Anh Tester, ENV=dev, URL=http://localhost:8080/WebsiteBanSach-main/DoAnNhom02/DangNhap.php, SCREENSHOT_STEP=no, EXPLICIT_TIMEOUT=20, PAGE_LOAD_TIMEOUT=60, HEADLESS=true, USERNAME=huutrung, SCREENSHOT_PASS=no, product=PD0809A1, STEP_TIME=0, EXTENT_REPORT_PATH=reports/ExtentReport.html, RECORD_VIDEO_PATH=records, PASSWORD=123, category=Color, searchValue=London}
[INFO] 18-09-2023 14:32:58 [LogUtils] - Loaded all properties files.
[INFO] 18-09-2023 14:32:58 [LogUtils] - {BROWSER=edge, SCREENSHOT_FAIL=yes, RECORD_VIDEO=yes, AUTHOR=Anh Tester, ENV=dev, URL=http://localhost:8080/WebsiteBanSach-main/DoAnNhom02/DangNhap.php, SCREENSHOT_STEP=no, EXPLICIT_TIMEOUT=20, PAGE_LOAD_TIMEOUT=60, HEADLESS=true, USERNAME=huutrung, SCREENSHOT_PASS=no, product=PD0809A1, STEP_TIME=0, EXTENT_REPORT_PATH=reports/ExtentReport.html, RECORD_VIDEO_PATH=records, PASSWORD=123, category=Color, searchValue=London}
[INFO] 18-09-2023 14:32:59 [LogUtils] - Open URL: http://localhost:8080/WebsiteBanSach-main/DoAnNhom02/DangNhap.php
[INFO] 18-09-2023 14:33:00 [LogUtils] - Set text: huutrung on element By.xpath: //input[@id='email']
[INFO] 18-09-2023 14:33:00 [LogUtils] - Set text: 123 on element By.xpath: //input[@id='password']
[INFO] 18-09-2023 14:33:01 [LogUtils] - Click element By.xpath: //input[@id='submit']
  &amp#27;[32mGiven &amp#27;[0m&amp#27;[32muser logged in as an admin&amp#27;[0m                                  &amp#27;[90m# anhtester.com.Stepdefinitions.AddCatagory_Step.userLoggedInAsAnAdmin()&amp#27;[0m
[INFO] 18-09-2023 14:33:01 [LogUtils] - Click element By.xpath: //a[@id='admin_sp']
  &amp#27;[32mGiven &amp#27;[0m&amp#27;[32muser on the category page&amp#27;[0m                                   &amp#27;[90m# anhtester.com.Stepdefinitions.AddCatagory_Step.userOnTheCategoryPage()&amp#27;[0m
[INFO] 18-09-2023 14:33:01 [LogUtils] - Click element By.xpath: //a[@id='addCatagory']
[INFO] 18-09-2023 14:33:02 [LogUtils] - Click element By.xpath: //option[@id='2']
[INFO] 18-09-2023 14:33:02 [LogUtils] - Click element By.xpath: //option[@id='12']
[INFO] 18-09-2023 14:33:02 [LogUtils] - Set text: Sách hay on element By.xpath: //input[@id='mota']
[INFO] 18-09-2023 14:33:02 [LogUtils] - Set text: Tờ rung on element By.xpath: //input[@id='tacgia']
[INFO] 18-09-2023 14:33:02 [LogUtils] - Set text: sach3 on element By.xpath: //input[@id='tensach']
[INFO] 18-09-2023 14:33:02 [LogUtils] - Set text: 137000 on element By.xpath: //input[@id='giaban']
[INFO] 18-09-2023 14:33:02 [LogUtils] - Set text: 100 on element By.xpath: //input[@id='soluong']
[INFO] 18-09-2023 14:33:03 [LogUtils] - Click element By.xpath: //button[@id='them']
[INFO] 18-09-2023 14:33:03 [LogUtils] - Click element By.xpath: //option[@id='2']
[INFO] 18-09-2023 14:33:03 [LogUtils] - Click element By.xpath: //option[@id='12']
[INFO] 18-09-2023 14:33:03 [LogUtils] - Set text: Sách hay on element By.xpath: //input[@id='mota']
[INFO] 18-09-2023 14:33:03 [LogUtils] - Set text: Tờ rung on element By.xpath: //input[@id='tacgia']
[INFO] 18-09-2023 14:33:03 [LogUtils] - Set text: sach3 on element By.xpath: //input[@id='tensach']
[INFO] 18-09-2023 14:33:03 [LogUtils] - Set text: 100000 on element By.xpath: //input[@id='giaban']
[INFO] 18-09-2023 14:33:04 [LogUtils] - Set text: -1 on element By.xpath: //input[@id='soluong']
[INFO] 18-09-2023 14:33:04 [LogUtils] - Click element By.xpath: //button[@id='them']
[INFO] 18-09-2023 14:33:04 [LogUtils] - Click element By.xpath: //option[@id='2']
[INFO] 18-09-2023 14:33:04 [LogUtils] - Click element By.xpath: //option[@id='12']
[INFO] 18-09-2023 14:33:04 [LogUtils] - Set text: Sách hay on element By.xpath: //input[@id='mota']
[INFO] 18-09-2023 14:33:04 [LogUtils] - Set text: Tờ rung on element By.xpath: //input[@id='tacgia']
[INFO] 18-09-2023 14:33:05 [LogUtils] - Set text: sach12 on element By.xpath: //input[@id='tensach']
[INFO] 18-09-2023 14:33:05 [LogUtils] - Set text: -1 on element By.xpath: //input[@id='giaban']
[INFO] 18-09-2023 14:33:05 [LogUtils] - Set text: 140 on element By.xpath: //input[@id='soluong']
[INFO] 18-09-2023 14:33:05 [LogUtils] - Click element By.xpath: //button[@id='them']
  &amp#27;[31mWhen &amp#27;[0m&amp#27;[31mUser enter a series of product information using Excel files&amp#27;[0m &amp#27;[90m# anhtester.com.Stepdefinitions.AddCatagory_Step.UserenteraseriesofproductinformationusingExcelfiles()&amp#27;[0m
      &amp#27;[31morg.openqa.selenium.NoSuchElementException: no such element: Unable to locate element: {"method":"xpath","selector":" //h4[@id='words_Error']"}
  (Session info: MicrosoftEdge=117.0.2045.31)
For documentation on this error, please visit: https://www.selenium.dev/documentation/webdriver/troubleshooting/errors#no-such-element-exception
Build info: version: '4.12.1', revision: '8e34639b11'
System info: os.name: 'Windows 11', os.arch: 'amd64', os.version: '10.0', java.version: '20.0.2'
Driver info: org.openqa.selenium.edge.EdgeDriver
Command: [539f2ca62feb6b6e9ea6042e675c297b, findElement {using=xpath, value= //h4[@id='words_Error']}]
Capabilities {acceptInsecureCerts: false, browserName: msedge, browserVersion: 117.0.2045.31, fedcm:accounts: true, ms:edgeOptions: {debuggerAddress: localhost:58343}, msedge: {msedgedriverVersion: 117.0.2045.31 (fdd954ad1e8c..., userDataDir: C:\Users\admin\AppData\Loca...}, networkConnectionEnabled: false, pageLoadStrategy: normal, platformName: windows, proxy: Proxy(), se:cdp: ws://localhost:58343/devtoo..., se:cdpVersion: 117.0.2045.31, setWindowRect: true, strictFileInteractability: false, timeouts: {implicit: 0, pageLoad: 300000, script: 30000}, unhandledPromptBehavior: dismiss and notify, webauthn:extension:credBlob: true, webauthn:extension:largeBlob: true, webauthn:extension:minPinLength: true, webauthn:extension:prf: true, webauthn:virtualAuthenticators: true}
Session ID: 539f2ca62feb6b6e9ea6042e675c297b
	at java.base/jdk.internal.reflect.DirectConstructorHandleAccessor.newInstance(DirectConstructorHandleAccessor.java:67)
	at java.base/java.lang.reflect.Constructor.newInstanceWithCaller(Constructor.java:500)
	at java.base/java.lang.reflect.Constructor.newInstance(Constructor.java:484)
	at org.openqa.selenium.remote.codec.w3c.W3CHttpResponseCodec.createException(W3CHttpResponseCodec.java:200)
	at org.openqa.selenium.remote.codec.w3c.W3CHttpResponseCodec.decode(W3CHttpResponseCodec.java:133)
	at org.openqa.selenium.remote.codec.w3c.W3CHttpResponseCodec.decode(W3CHttpResponseCodec.java:52)
	at org.openqa.selenium.remote.HttpCommandExecutor.execute(HttpCommandExecutor.java:191)
	at org.openqa.selenium.remote.service.DriverCommandExecutor.invokeExecute(DriverCommandExecutor.java:196)
	at org.openqa.selenium.remote.service.DriverCommandExecutor.execute(DriverCommandExecutor.java:171)
	at org.openqa.selenium.remote.RemoteWebDriver.execute(RemoteWebDriver.java:602)
	at org.openqa.selenium.remote.ElementLocation$ElementFinder$2.findElement(ElementLocation.java:165)
	at org.openqa.selenium.remote.ElementLocation.findElement(ElementLocation.java:59)
	at org.openqa.selenium.remote.RemoteWebDriver.findElement(RemoteWebDriver.java:359)
	at org.openqa.selenium.remote.RemoteWebDriver.findElement(RemoteWebDriver.java:353)
	at anhtester.com.Stepdefinitions.AddCatagory_Step.UserenteraseriesofproductinformationusingExcelfiles(AddCatagory_Step.java:79)
	at ✽.User enter a series of product information using Excel files(file:///D:/SeleniumMaven42022Parallel-main/src/test/resources/features/Product/AddCatagory.feature:8)
&amp#27;[0m
  &amp#27;[36mAnd &amp#27;[0m&amp#27;[36muser click on the Save button&amp#27;[0m                                 &amp#27;[90m# anhtester.com.Stepdefinitions.AddCatagory_Step.userClickOnTheSaveButton()&amp#27;[0m
  &amp#27;[36mThen &amp#27;[0m&amp#27;[36muser should see a error message&amp#27;[0m                              &amp#27;[90m# anhtester.com.Stepdefinitions.AddCatagory_Step.userShouldSeeAErrorMessage()&amp#27;[0m
]]></system-out>
    <system-err><![CDATA[Sep 18, 2023 2:32:58 PM org.openqa.selenium.devtools.CdpVersionFinder findNearestMatch
WARNING: Unable to find an exact match for CDP version 117, so returning the closest version found: 116
]]></system-err>
  </testcase>
  <testcase name="runScenario[&quot;Successful login&quot;, &quot;Login to system (have handle)&quot;](1)" classname="anhtester.com.Runner.TestRunnerLoginHaveHandle" time="6.163">
    <system-out><![CDATA[
Scenario: Successful login                     &amp#27;[90m# src/test/resources/features/Login/LoginHaveHandle.feature:5&amp#27;[0m
Launching Edge browser...
[INFO] 18-09-2023 14:33:09 [LogUtils] - Open URL: http://localhost:8080/WebsiteBanSach-main/DoAnNhom02/DangNhap.php
  &amp#27;[32mGiven &amp#27;[0m&amp#27;[32mI Am On The Login Page&amp#27;[0m                 &amp#27;[90m# anhtester.com.Stepdefinitions.LoginHaveHandle_Step.iAmOnTheLoginPage()&amp#27;[0m
[INFO] 18-09-2023 14:33:09 [LogUtils] - Set text: huutrung on element By.xpath: //input[@id='email']
[INFO] 18-09-2023 14:33:09 [LogUtils] - Set text: 123 on element By.xpath: //input[@id='password']
  &amp#27;[32mWhen &amp#27;[0m&amp#27;[32mI enter my username and password&amp#27;[0m        &amp#27;[90m# anhtester.com.Stepdefinitions.LoginHaveHandle_Step.iEnterMyUsernameAndPassword()&amp#27;[0m
  &amp#27;[32mAnd &amp#27;[0m&amp#27;[32mI click the Login button&amp#27;[0m                 &amp#27;[90m# anhtester.com.Stepdefinitions.LoginHaveHandle_Step.iClickTheLoginButton()&amp#27;[0m
  &amp#27;[32mThen &amp#27;[0m&amp#27;[32mI should be taken to the Dashboard page&amp#27;[0m &amp#27;[90m# anhtester.com.Stepdefinitions.LoginHaveHandle_Step.iShouldBeTakenToTheDashboardPage()&amp#27;[0m
]]></system-out>
    <system-err><![CDATA[Sep 18, 2023 2:33:08 PM org.openqa.selenium.devtools.CdpVersionFinder findNearestMatch
WARNING: Unable to find an exact match for CDP version 117, so returning the closest version found: 116
[AsyncHttpClient-1-7] WARN org.asynchttpclient.netty.handler.WebSocketHandler - onError
java.net.SocketException: Connection reset
	at java.base/sun.nio.ch.SocketChannelImpl.throwConnectionReset(SocketChannelImpl.java:401)
	at java.base/sun.nio.ch.SocketChannelImpl.read(SocketChannelImpl.java:434)
	at io.netty.buffer.PooledByteBuf.setBytes(PooledByteBuf.java:254)
	at io.netty.buffer.AbstractByteBuf.writeBytes(AbstractByteBuf.java:1132)
	at io.netty.channel.socket.nio.NioSocketChannel.doReadBytes(NioSocketChannel.java:357)
	at io.netty.channel.nio.AbstractNioByteChannel$NioByteUnsafe.read(AbstractNioByteChannel.java:151)
	at io.netty.channel.nio.NioEventLoop.processSelectedKey(NioEventLoop.java:788)
	at io.netty.channel.nio.NioEventLoop.processSelectedKeysOptimized(NioEventLoop.java:724)
	at io.netty.channel.nio.NioEventLoop.processSelectedKeys(NioEventLoop.java:650)
	at io.netty.channel.nio.NioEventLoop.run(NioEventLoop.java:562)
	at io.netty.util.concurrent.SingleThreadEventExecutor$4.run(SingleThreadEventExecutor.java:997)
	at io.netty.util.internal.ThreadExecutorMap$2.run(ThreadExecutorMap.java:74)
	at io.netty.util.concurrent.FastThreadLocalRunnable.run(FastThreadLocalRunnable.java:30)
	at java.base/java.lang.Thread.run(Thread.java:1623)
Sep 18, 2023 2:33:11 PM org.openqa.selenium.remote.http.WebSocket$Listener onError
WARNING: Connection reset
java.net.SocketException: Connection reset
	at java.base/sun.nio.ch.SocketChannelImpl.throwConnectionReset(SocketChannelImpl.java:401)
	at java.base/sun.nio.ch.SocketChannelImpl.read(SocketChannelImpl.java:434)
	at io.netty.buffer.PooledByteBuf.setBytes(PooledByteBuf.java:254)
	at io.netty.buffer.AbstractByteBuf.writeBytes(AbstractByteBuf.java:1132)
	at io.netty.channel.socket.nio.NioSocketChannel.doReadBytes(NioSocketChannel.java:357)
	at io.netty.channel.nio.AbstractNioByteChannel$NioByteUnsafe.read(AbstractNioByteChannel.java:151)
	at io.netty.channel.nio.NioEventLoop.processSelectedKey(NioEventLoop.java:788)
	at io.netty.channel.nio.NioEventLoop.processSelectedKeysOptimized(NioEventLoop.java:724)
	at io.netty.channel.nio.NioEventLoop.processSelectedKeys(NioEventLoop.java:650)
	at io.netty.channel.nio.NioEventLoop.run(NioEventLoop.java:562)
	at io.netty.util.concurrent.SingleThreadEventExecutor$4.run(SingleThreadEventExecutor.java:997)
	at io.netty.util.internal.ThreadExecutorMap$2.run(ThreadExecutorMap.java:74)
	at io.netty.util.concurrent.FastThreadLocalRunnable.run(FastThreadLocalRunnable.java:30)
	at java.base/java.lang.Thread.run(Thread.java:1623)

]]></system-err>
  </testcase>
  <testcase name="runScenario[&quot;Successful login1&quot;, &quot;Login to system (Only Gherkin)&quot;](1)" classname="anhtester.com.Runner.TestRunnerLoginOnlyGherkin" time="0.007">
    <system-out><![CDATA[
Scenario: Successful login1                     &amp#27;[90m# src/test/resources/features/Login/LoginOnlyGherkin.feature:5&amp#27;[0m
  &amp#27;[32mGiven &amp#27;[0m&amp#27;[32mI Am On The Login Pages&amp#27;[0m                 &amp#27;[90m# anhtester.com.Stepdefinitions.LoginOnlyGherkin_Step.iAmOnTheLoginPages()&amp#27;[0m
  &amp#27;[32mWhen &amp#27;[0m&amp#27;[32mI enter my username and passwords&amp#27;[0m        &amp#27;[90m# anhtester.com.Stepdefinitions.LoginOnlyGherkin_Step.iEnterMyUsernameAndPasswords()&amp#27;[0m
  &amp#27;[32mAnd &amp#27;[0m&amp#27;[32mI click the Login buttons&amp#27;[0m                 &amp#27;[90m# anhtester.com.Stepdefinitions.LoginOnlyGherkin_Step.iClickTheLoginButtons()&amp#27;[0m
  &amp#27;[32mThen &amp#27;[0m&amp#27;[32mI should be taken to the Dashboard pages&amp#27;[0m &amp#27;[90m# anhtester.com.Stepdefinitions.LoginOnlyGherkin_Step.iShouldBeTakenToTheDashboardPages()&amp#27;[0m
]]></system-out>
  </testcase>
  <testcase name="runScenario[&quot;Invalid Login&quot;, &quot;Login with datatable&quot;](1)" classname="anhtester.com.Runner.TestRunnerLoginWithDataTable" time="13.451">
    <system-out><![CDATA[
@InvalidLogin
Scenario: Invalid Login                      &amp#27;[90m# src/test/resources/features/Login/LoginWithDataTable.feature:3&amp#27;[0m
Launching Edge browser...
[INFO] 18-09-2023 14:33:15 [LogUtils] - Open URL: http://localhost:8080/WebsiteBanSach-main/DoAnNhom02/DangNhap.php
  &amp#27;[32mGiven &amp#27;[0m&amp#27;[32muser on the login page&amp#27;[0m               &amp#27;[90m# anhtester.com.Stepdefinitions.LoginWithDataTable_Step.userOnTheLoginPage()&amp#27;[0m
[INFO] 18-09-2023 14:33:15 [LogUtils] - Set text: user1@example.com on element By.xpath: //input[@id='email']
[INFO] 18-09-2023 14:33:15 [LogUtils] - Set text: 123 on element By.xpath: //input[@id='password']
[INFO] 18-09-2023 14:33:23 [LogUtils] - Set text: user2@example.com on element By.xpath: //input[@id='email']
[INFO] 18-09-2023 14:33:23 [LogUtils] - Set text: 123 on element By.xpath: //input[@id='password']
[INFO] 18-09-2023 14:33:23 [LogUtils] - Set text: user3@example.com on element By.xpath: //input[@id='email']
[INFO] 18-09-2023 14:33:23 [LogUtils] - Set text: 123 on element By.xpath: //input[@id='password']
[INFO] 18-09-2023 14:33:24 [LogUtils] - Set text: user4@example.com on element By.xpath: //input[@id='email']
[INFO] 18-09-2023 14:33:24 [LogUtils] - Set text: 1233 on element By.xpath: //input[@id='password']
[INFO] 18-09-2023 14:33:24 [LogUtils] - Set text: user5@example.com on element By.xpath: //input[@id='email']
[INFO] 18-09-2023 14:33:24 [LogUtils] - Set text: 123 on element By.xpath: //input[@id='password']
  &amp#27;[32mWhen &amp#27;[0m&amp#27;[32muser enter valid credentials to login&amp#27;[0m &amp#27;[90m# anhtester.com.Stepdefinitions.LoginWithDataTable_Step.userEnterValidCredentialsToLogin(io.cucumber.datatable.DataTable)&amp#27;[0m
    | email             | password |
    | user1@example.com | 123      |
    | user2@example.com | 123      |
    | user3@example.com | 123      |
    | user4@example.com | 1233     |
    | user5@example.com | 123      |
  &amp#27;[32mAnd &amp#27;[0m&amp#27;[32mclick on the login button&amp#27;[0m              &amp#27;[90m# anhtester.com.Stepdefinitions.LoginWithDataTable_Step.clickOnTheLoginButton()&amp#27;[0m
  &amp#27;[32mThen &amp#27;[0m&amp#27;[32muser should see an error message&amp#27;[0m      &amp#27;[90m# anhtester.com.Stepdefinitions.LoginWithDataTable_Step.userShouldSeeAnErrorMessage()&amp#27;[0m
  &amp#27;[32mAnd &amp#27;[0m&amp#27;[32mstay on the login page&amp#27;[0m                 &amp#27;[90m# anhtester.com.Stepdefinitions.LoginWithDataTable_Step.stayOnTheLoginPage()&amp#27;[0m
]]></system-out>
    <system-err><![CDATA[Sep 18, 2023 2:33:14 PM org.openqa.selenium.devtools.CdpVersionFinder findNearestMatch
WARNING: Unable to find an exact match for CDP version 117, so returning the closest version found: 116
]]></system-err>
  </testcase>
</testsuite>